{"/var/www/haiku-generator/src/tokenize.js":{"path":"/var/www/haiku-generator/src/tokenize.js","s":{"1":1,"2":1,"3":1,"4":103,"5":1,"6":22,"7":1,"8":11,"9":1,"10":1,"11":5,"12":5,"13":5,"14":5,"15":81,"16":5,"17":9,"18":5,"19":13,"20":5,"21":90,"22":5,"23":92,"24":92,"25":81,"26":81,"27":81,"28":0,"29":0,"30":0,"31":0,"32":0,"33":0,"34":11,"35":9,"36":9,"37":9,"38":11,"39":5,"40":4,"41":5,"42":1},"b":{"1":[11,11],"2":[81,0,11],"3":[0,0],"4":[9,2],"5":[4,1]},"f":{"1":103,"2":22,"3":11,"4":5,"5":81,"6":9,"7":13,"8":90},"fnMap":{"1":{"name":"isWord","line":10,"loc":{"start":{"line":10,"column":13},"end":{"line":10,"column":35}}},"2":{"name":"isSign","line":13,"loc":{"start":{"line":13,"column":13},"end":{"line":13,"column":35}}},"3":{"name":"isWhitespace","line":16,"loc":{"start":{"line":16,"column":19},"end":{"line":16,"column":47}}},"4":{"name":"wordsFSM","line":25,"loc":{"start":{"line":25,"column":15},"end":{"line":25,"column":40}}},"5":{"name":"wordAddChar","line":30,"loc":{"start":{"line":30,"column":22},"end":{"line":30,"column":49}}},"6":{"name":"wordClear","line":33,"loc":{"start":{"line":33,"column":20},"end":{"line":33,"column":41}}},"7":{"name":"resultAdd","line":36,"loc":{"start":{"line":36,"column":20},"end":{"line":36,"column":45}}},"8":{"name":"stateSet","line":39,"loc":{"start":{"line":39,"column":19},"end":{"line":39,"column":47}}}},"statementMap":{"1":{"start":{"line":7,"column":0},"end":{"line":7,"column":21}},"2":{"start":{"line":8,"column":0},"end":{"line":8,"column":29}},"3":{"start":{"line":10,"column":0},"end":{"line":12,"column":2}},"4":{"start":{"line":11,"column":4},"end":{"line":11,"column":28}},"5":{"start":{"line":13,"column":0},"end":{"line":15,"column":2}},"6":{"start":{"line":14,"column":4},"end":{"line":14,"column":28}},"7":{"start":{"line":16,"column":0},"end":{"line":18,"column":2}},"8":{"start":{"line":17,"column":4},"end":{"line":17,"column":42}},"9":{"start":{"line":20,"column":0},"end":{"line":23,"column":2}},"10":{"start":{"line":25,"column":0},"end":{"line":77,"column":2}},"11":{"start":{"line":26,"column":4},"end":{"line":26,"column":18}},"12":{"start":{"line":27,"column":4},"end":{"line":27,"column":20}},"13":{"start":{"line":28,"column":4},"end":{"line":28,"column":40}},"14":{"start":{"line":30,"column":4},"end":{"line":32,"column":6}},"15":{"start":{"line":31,"column":8},"end":{"line":31,"column":28}},"16":{"start":{"line":33,"column":4},"end":{"line":35,"column":6}},"17":{"start":{"line":34,"column":8},"end":{"line":34,"column":25}},"18":{"start":{"line":36,"column":4},"end":{"line":38,"column":6}},"19":{"start":{"line":37,"column":8},"end":{"line":37,"column":53}},"20":{"start":{"line":39,"column":4},"end":{"line":41,"column":6}},"21":{"start":{"line":40,"column":8},"end":{"line":40,"column":32}},"22":{"start":{"line":43,"column":4},"end":{"line":70,"column":5}},"23":{"start":{"line":44,"column":8},"end":{"line":44,"column":28}},"24":{"start":{"line":46,"column":8},"end":{"line":69,"column":9}},"25":{"start":{"line":49,"column":16},"end":{"line":49,"column":34}},"26":{"start":{"line":50,"column":16},"end":{"line":50,"column":47}},"27":{"start":{"line":51,"column":16},"end":{"line":51,"column":22}},"28":{"start":{"line":54,"column":16},"end":{"line":59,"column":17}},"29":{"start":{"line":55,"column":20},"end":{"line":55,"column":36}},"30":{"start":{"line":56,"column":20},"end":{"line":56,"column":36}},"31":{"start":{"line":57,"column":20},"end":{"line":57,"column":32}},"32":{"start":{"line":58,"column":20},"end":{"line":58,"column":54}},"33":{"start":{"line":60,"column":16},"end":{"line":60,"column":22}},"34":{"start":{"line":63,"column":16},"end":{"line":67,"column":17}},"35":{"start":{"line":64,"column":20},"end":{"line":64,"column":36}},"36":{"start":{"line":65,"column":20},"end":{"line":65,"column":32}},"37":{"start":{"line":66,"column":20},"end":{"line":66,"column":54}},"38":{"start":{"line":68,"column":16},"end":{"line":68,"column":22}},"39":{"start":{"line":72,"column":4},"end":{"line":74,"column":5}},"40":{"start":{"line":73,"column":8},"end":{"line":73,"column":24}},"41":{"start":{"line":76,"column":4},"end":{"line":76,"column":18}},"42":{"start":{"line":79,"column":0},"end":{"line":83,"column":2}}},"branchMap":{"1":{"line":17,"type":"binary-expr","locations":[{"start":{"line":17,"column":11},"end":{"line":17,"column":24}},{"start":{"line":17,"column":28},"end":{"line":17,"column":41}}]},"2":{"line":46,"type":"switch","locations":[{"start":{"line":48,"column":12},"end":{"line":51,"column":22}},{"start":{"line":53,"column":12},"end":{"line":60,"column":22}},{"start":{"line":62,"column":12},"end":{"line":68,"column":22}}]},"3":{"line":54,"type":"if","locations":[{"start":{"line":54,"column":16},"end":{"line":54,"column":16}},{"start":{"line":54,"column":16},"end":{"line":54,"column":16}}]},"4":{"line":63,"type":"if","locations":[{"start":{"line":63,"column":16},"end":{"line":63,"column":16}},{"start":{"line":63,"column":16},"end":{"line":63,"column":16}}]},"5":{"line":72,"type":"if","locations":[{"start":{"line":72,"column":4},"end":{"line":72,"column":4}},{"start":{"line":72,"column":4},"end":{"line":72,"column":4}}]}}},"/var/www/haiku-generator/src/chain.js":{"path":"/var/www/haiku-generator/src/chain.js","s":{"1":1,"2":1,"3":1,"4":2,"5":2,"6":2,"7":2,"8":2,"9":2,"10":2,"11":1,"12":1,"13":1,"14":1,"15":1,"16":1,"17":1,"18":4,"19":0,"20":1,"21":1,"22":4,"23":4,"24":4,"25":4,"26":1,"27":1,"28":2,"29":1,"30":1,"31":1},"b":{"1":[2,2],"2":[2,0],"3":[1,0],"4":[1,0],"5":[0,4],"6":[4,1],"7":[4,1],"8":[4,1]},"f":{"1":1,"2":2,"3":1,"4":4,"5":1,"6":4,"7":1,"8":2},"fnMap":{"1":{"name":"(anonymous_1)","line":8,"loc":{"start":{"line":8,"column":20},"end":{"line":8,"column":32}},"skip":true},"2":{"name":"defineProperties","line":8,"loc":{"start":{"line":8,"column":34},"end":{"line":8,"column":75}},"skip":true},"3":{"name":"(anonymous_3)","line":8,"loc":{"start":{"line":8,"column":358},"end":{"line":8,"column":406}},"skip":true},"4":{"name":"_classCallCheck","line":12,"loc":{"start":{"line":12,"column":0},"end":{"line":12,"column":48}},"skip":true},"5":{"name":"(anonymous_5)","line":14,"loc":{"start":{"line":14,"column":13},"end":{"line":14,"column":25}}},"6":{"name":"Chain","line":15,"loc":{"start":{"line":15,"column":4},"end":{"line":15,"column":49}}},"7":{"name":"valueOf","line":25,"loc":{"start":{"line":25,"column":15},"end":{"line":25,"column":34}}},"8":{"name":"factory","line":30,"loc":{"start":{"line":30,"column":15},"end":{"line":30,"column":62}}}},"statementMap":{"1":{"start":{"line":3,"column":0},"end":{"line":5,"column":3}},"2":{"start":{"line":8,"column":0},"end":{"line":8,"column":566},"skip":true},"3":{"start":{"line":8,"column":34},"end":{"line":8,"column":350},"skip":true},"4":{"start":{"line":8,"column":77},"end":{"line":8,"column":348},"skip":true},"5":{"start":{"line":8,"column":118},"end":{"line":8,"column":144},"skip":true},"6":{"start":{"line":8,"column":145},"end":{"line":8,"column":200},"skip":true},"7":{"start":{"line":8,"column":201},"end":{"line":8,"column":232},"skip":true},"8":{"start":{"line":8,"column":233},"end":{"line":8,"column":287},"skip":true},"9":{"start":{"line":8,"column":260},"end":{"line":8,"column":287},"skip":true},"10":{"start":{"line":8,"column":288},"end":{"line":8,"column":346},"skip":true},"11":{"start":{"line":8,"column":351},"end":{"line":8,"column":560},"skip":true},"12":{"start":{"line":8,"column":408},"end":{"line":8,"column":476},"skip":true},"13":{"start":{"line":8,"column":424},"end":{"line":8,"column":476},"skip":true},"14":{"start":{"line":8,"column":477},"end":{"line":8,"column":537},"skip":true},"15":{"start":{"line":8,"column":494},"end":{"line":8,"column":537},"skip":true},"16":{"start":{"line":8,"column":538},"end":{"line":8,"column":557},"skip":true},"17":{"start":{"line":12,"column":0},"end":{"line":12,"column":153},"skip":true},"18":{"start":{"line":12,"column":50},"end":{"line":12,"column":151},"skip":true},"19":{"start":{"line":12,"column":92},"end":{"line":12,"column":149},"skip":true},"20":{"start":{"line":14,"column":0},"end":{"line":36,"column":5}},"21":{"start":{"line":15,"column":4},"end":{"line":21,"column":5}},"22":{"start":{"line":16,"column":8},"end":{"line":16,"column":37}},"23":{"start":{"line":18,"column":8},"end":{"line":18,"column":31}},"24":{"start":{"line":19,"column":8},"end":{"line":19,"column":39}},"25":{"start":{"line":20,"column":8},"end":{"line":20,"column":47}},"26":{"start":{"line":23,"column":4},"end":{"line":33,"column":8}},"27":{"start":{"line":26,"column":12},"end":{"line":26,"column":65}},"28":{"start":{"line":31,"column":12},"end":{"line":31,"column":59}},"29":{"start":{"line":35,"column":4},"end":{"line":35,"column":17}},"30":{"start":{"line":38,"column":0},"end":{"line":38,"column":27}},"31":{"start":{"line":39,"column":0},"end":{"line":39,"column":36}}},"branchMap":{"1":{"line":8,"type":"binary-expr","locations":[{"start":{"line":8,"column":169},"end":{"line":8,"column":190},"skip":true},{"start":{"line":8,"column":194},"end":{"line":8,"column":199},"skip":true}]},"2":{"line":8,"type":"if","locations":[{"start":{"line":8,"column":233},"end":{"line":8,"column":233},"skip":true},{"start":{"line":8,"column":233},"end":{"line":8,"column":233},"skip":true}]},"3":{"line":8,"type":"if","locations":[{"start":{"line":8,"column":408},"end":{"line":8,"column":408},"skip":true},{"start":{"line":8,"column":408},"end":{"line":8,"column":408},"skip":true}]},"4":{"line":8,"type":"if","locations":[{"start":{"line":8,"column":477},"end":{"line":8,"column":477},"skip":true},{"start":{"line":8,"column":477},"end":{"line":8,"column":477},"skip":true}]},"5":{"line":12,"type":"if","locations":[{"start":{"line":12,"column":50},"end":{"line":12,"column":50},"skip":true},{"start":{"line":12,"column":50},"end":{"line":12,"column":50},"skip":true}]},"6":{"line":18,"type":"binary-expr","locations":[{"start":{"line":18,"column":20},"end":{"line":18,"column":24}},{"start":{"line":18,"column":28},"end":{"line":18,"column":30}}]},"7":{"line":19,"type":"binary-expr","locations":[{"start":{"line":19,"column":24},"end":{"line":19,"column":32}},{"start":{"line":19,"column":36},"end":{"line":19,"column":38}}]},"8":{"line":20,"type":"binary-expr","locations":[{"start":{"line":20,"column":28},"end":{"line":20,"column":40}},{"start":{"line":20,"column":44},"end":{"line":20,"column":46}}]}}},"/var/www/haiku-generator/src/analyze.js":{"path":"/var/www/haiku-generator/src/analyze.js","s":{"1":1,"2":1,"3":1,"4":1,"5":3,"6":1,"7":1,"8":14,"9":42,"10":0,"11":1,"12":0,"13":1,"14":0,"15":0,"16":0,"17":0,"18":0,"19":1,"20":1,"21":1,"22":1,"23":12,"24":1,"25":12,"26":12,"27":36,"28":12,"29":12,"30":12,"31":12,"32":12,"33":12,"34":12,"35":1,"36":1,"37":1,"38":1},"b":{"1":[42,0],"2":[0,0],"3":[0,0],"4":[1,11],"5":[12,0]},"f":{"1":1,"2":14,"3":42,"4":0,"5":0,"6":0,"7":1,"8":36},"fnMap":{"1":{"name":"compile","line":13,"loc":{"start":{"line":13,"column":14},"end":{"line":13,"column":38}}},"2":{"name":"findNextWord","line":21,"loc":{"start":{"line":21,"column":19},"end":{"line":21,"column":62}}},"3":{"name":"(anonymous_3)","line":22,"loc":{"start":{"line":22,"column":24},"end":{"line":22,"column":37}}},"4":{"name":"(anonymous_4)","line":26,"loc":{"start":{"line":26,"column":9},"end":{"line":26,"column":22}}},"5":{"name":"equal","line":31,"loc":{"start":{"line":31,"column":12},"end":{"line":31,"column":33}}},"6":{"name":"nextWords2","line":35,"loc":{"start":{"line":35,"column":17},"end":{"line":35,"column":58}}},"7":{"name":"build","line":45,"loc":{"start":{"line":45,"column":12},"end":{"line":45,"column":41}}},"8":{"name":"(anonymous_8)","line":63,"loc":{"start":{"line":63,"column":50},"end":{"line":63,"column":63}}}},"statementMap":{"1":{"start":{"line":11,"column":0},"end":{"line":11,"column":31}},"2":{"start":{"line":13,"column":0},"end":{"line":19,"column":2}},"3":{"start":{"line":14,"column":4},"end":{"line":14,"column":20}},"4":{"start":{"line":15,"column":4},"end":{"line":17,"column":5}},"5":{"start":{"line":16,"column":8},"end":{"line":16,"column":60}},"6":{"start":{"line":18,"column":4},"end":{"line":18,"column":18}},"7":{"start":{"line":21,"column":0},"end":{"line":29,"column":2}},"8":{"start":{"line":22,"column":4},"end":{"line":28,"column":7}},"9":{"start":{"line":23,"column":8},"end":{"line":24,"column":32}},"10":{"start":{"line":27,"column":8},"end":{"line":27,"column":22}},"11":{"start":{"line":31,"column":0},"end":{"line":33,"column":2}},"12":{"start":{"line":32,"column":4},"end":{"line":32,"column":19}},"13":{"start":{"line":35,"column":0},"end":{"line":43,"column":2}},"14":{"start":{"line":36,"column":4},"end":{"line":41,"column":5}},"15":{"start":{"line":37,"column":8},"end":{"line":37,"column":28}},"16":{"start":{"line":38,"column":8},"end":{"line":40,"column":9}},"17":{"start":{"line":39,"column":12},"end":{"line":39,"column":29}},"18":{"start":{"line":42,"column":4},"end":{"line":42,"column":14}},"19":{"start":{"line":45,"column":0},"end":{"line":84,"column":2}},"20":{"start":{"line":46,"column":4},"end":{"line":46,"column":20}},"21":{"start":{"line":52,"column":4},"end":{"line":54,"column":29}},"22":{"start":{"line":56,"column":4},"end":{"line":77,"column":5}},"23":{"start":{"line":58,"column":8},"end":{"line":60,"column":9}},"24":{"start":{"line":59,"column":12},"end":{"line":59,"column":48}},"25":{"start":{"line":62,"column":8},"end":{"line":68,"column":9}},"26":{"start":{"line":63,"column":12},"end":{"line":65,"column":15}},"27":{"start":{"line":64,"column":16},"end":{"line":64,"column":42}},"28":{"start":{"line":66,"column":12},"end":{"line":66,"column":67}},"29":{"start":{"line":67,"column":12},"end":{"line":67,"column":40}},"30":{"start":{"line":70,"column":8},"end":{"line":70,"column":76}},"31":{"start":{"line":72,"column":8},"end":{"line":72,"column":41}},"32":{"start":{"line":73,"column":8},"end":{"line":73,"column":30}},"33":{"start":{"line":75,"column":8},"end":{"line":75,"column":31}},"34":{"start":{"line":76,"column":8},"end":{"line":76,"column":30}},"35":{"start":{"line":80,"column":4},"end":{"line":80,"column":137}},"36":{"start":{"line":82,"column":4},"end":{"line":82,"column":38}},"37":{"start":{"line":83,"column":4},"end":{"line":83,"column":41}},"38":{"start":{"line":86,"column":0},"end":{"line":91,"column":2}}},"branchMap":{"1":{"line":23,"type":"binary-expr","locations":[{"start":{"line":23,"column":15},"end":{"line":23,"column":34}},{"start":{"line":24,"column":12},"end":{"line":24,"column":31}}]},"2":{"line":38,"type":"if","locations":[{"start":{"line":38,"column":8},"end":{"line":38,"column":8}},{"start":{"line":38,"column":8},"end":{"line":38,"column":8}}]},"3":{"line":38,"type":"binary-expr","locations":[{"start":{"line":38,"column":12},"end":{"line":38,"column":28}},{"start":{"line":38,"column":32},"end":{"line":38,"column":48}}]},"4":{"line":58,"type":"if","locations":[{"start":{"line":58,"column":8},"end":{"line":58,"column":8}},{"start":{"line":58,"column":8},"end":{"line":58,"column":8}}]},"5":{"line":62,"type":"if","locations":[{"start":{"line":62,"column":8},"end":{"line":62,"column":8}},{"start":{"line":62,"column":8},"end":{"line":62,"column":8}}]}}},"/var/www/haiku-generator/src/utils.js":{"path":"/var/www/haiku-generator/src/utils.js","s":{"1":1,"2":13,"3":1,"4":13,"5":1},"b":{},"f":{"1":13,"2":13},"fnMap":{"1":{"name":"randomInt","line":3,"loc":{"start":{"line":3,"column":16},"end":{"line":3,"column":40}}},"2":{"name":"randomItem","line":6,"loc":{"start":{"line":6,"column":17},"end":{"line":6,"column":43}}}},"statementMap":{"1":{"start":{"line":3,"column":0},"end":{"line":5,"column":2}},"2":{"start":{"line":4,"column":4},"end":{"line":4,"column":43}},"3":{"start":{"line":6,"column":0},"end":{"line":8,"column":2}},"4":{"start":{"line":7,"column":4},"end":{"line":7,"column":40}},"5":{"start":{"line":10,"column":0},"end":{"line":13,"column":2}}},"branchMap":{}}}