{"/var/www/haiku-generator/src/tokenize.js":{"path":"/var/www/haiku-generator/src/tokenize.js","s":{"1":1,"2":1,"3":1,"4":1,"5":31220,"6":1,"7":12350,"8":1,"9":4716,"10":1,"11":1,"12":6,"13":6,"14":6,"15":6,"16":18870,"17":6,"18":3754,"19":6,"20":6675,"21":6,"22":22624,"23":6,"24":26504,"25":26504,"26":18870,"27":18870,"28":18870,"29":2918,"30":1018,"31":1018,"32":1018,"33":2918,"34":2918,"35":4716,"36":2736,"37":2736,"38":2736,"39":4716,"40":6,"41":3,"42":6,"43":1,"44":1},"b":{"1":[4716,4716],"2":[18870,2918,4716],"3":[1018,1900],"4":[2736,1980],"5":[3,3]},"f":{"1":31220,"2":12350,"3":4716,"4":6,"5":18870,"6":3754,"7":6675,"8":22624},"fnMap":{"1":{"name":"isWord","line":13,"loc":{"start":{"line":13,"column":13},"end":{"line":13,"column":35}}},"2":{"name":"isSign","line":16,"loc":{"start":{"line":16,"column":13},"end":{"line":16,"column":35}}},"3":{"name":"isWhitespace","line":19,"loc":{"start":{"line":19,"column":19},"end":{"line":19,"column":47}}},"4":{"name":"words","line":28,"loc":{"start":{"line":28,"column":12},"end":{"line":28,"column":34}}},"5":{"name":"wordAddChar","line":34,"loc":{"start":{"line":34,"column":22},"end":{"line":34,"column":49}}},"6":{"name":"wordClear","line":37,"loc":{"start":{"line":37,"column":20},"end":{"line":37,"column":41}}},"7":{"name":"resultAdd","line":40,"loc":{"start":{"line":40,"column":20},"end":{"line":40,"column":45}}},"8":{"name":"stateSet","line":43,"loc":{"start":{"line":43,"column":19},"end":{"line":43,"column":47}}}},"statementMap":{"1":{"start":{"line":7,"column":0},"end":{"line":9,"column":3}},"2":{"start":{"line":10,"column":0},"end":{"line":10,"column":23}},"3":{"start":{"line":11,"column":0},"end":{"line":11,"column":29}},"4":{"start":{"line":13,"column":0},"end":{"line":15,"column":2}},"5":{"start":{"line":14,"column":4},"end":{"line":14,"column":28}},"6":{"start":{"line":16,"column":0},"end":{"line":18,"column":2}},"7":{"start":{"line":17,"column":4},"end":{"line":17,"column":28}},"8":{"start":{"line":19,"column":0},"end":{"line":21,"column":2}},"9":{"start":{"line":20,"column":4},"end":{"line":20,"column":42}},"10":{"start":{"line":23,"column":0},"end":{"line":26,"column":2}},"11":{"start":{"line":28,"column":0},"end":{"line":81,"column":2}},"12":{"start":{"line":30,"column":4},"end":{"line":30,"column":18}},"13":{"start":{"line":31,"column":4},"end":{"line":31,"column":20}},"14":{"start":{"line":32,"column":4},"end":{"line":32,"column":40}},"15":{"start":{"line":34,"column":4},"end":{"line":36,"column":6}},"16":{"start":{"line":35,"column":8},"end":{"line":35,"column":28}},"17":{"start":{"line":37,"column":4},"end":{"line":39,"column":6}},"18":{"start":{"line":38,"column":8},"end":{"line":38,"column":25}},"19":{"start":{"line":40,"column":4},"end":{"line":42,"column":6}},"20":{"start":{"line":41,"column":8},"end":{"line":41,"column":53}},"21":{"start":{"line":43,"column":4},"end":{"line":45,"column":6}},"22":{"start":{"line":44,"column":8},"end":{"line":44,"column":32}},"23":{"start":{"line":47,"column":4},"end":{"line":74,"column":5}},"24":{"start":{"line":48,"column":8},"end":{"line":48,"column":28}},"25":{"start":{"line":50,"column":8},"end":{"line":73,"column":9}},"26":{"start":{"line":53,"column":16},"end":{"line":53,"column":34}},"27":{"start":{"line":54,"column":16},"end":{"line":54,"column":47}},"28":{"start":{"line":55,"column":16},"end":{"line":55,"column":22}},"29":{"start":{"line":58,"column":16},"end":{"line":62,"column":17}},"30":{"start":{"line":59,"column":20},"end":{"line":59,"column":36}},"31":{"start":{"line":60,"column":20},"end":{"line":60,"column":32}},"32":{"start":{"line":61,"column":20},"end":{"line":61,"column":54}},"33":{"start":{"line":63,"column":16},"end":{"line":63,"column":32}},"34":{"start":{"line":64,"column":16},"end":{"line":64,"column":22}},"35":{"start":{"line":67,"column":16},"end":{"line":71,"column":17}},"36":{"start":{"line":68,"column":20},"end":{"line":68,"column":36}},"37":{"start":{"line":69,"column":20},"end":{"line":69,"column":32}},"38":{"start":{"line":70,"column":20},"end":{"line":70,"column":54}},"39":{"start":{"line":72,"column":16},"end":{"line":72,"column":22}},"40":{"start":{"line":76,"column":4},"end":{"line":78,"column":5}},"41":{"start":{"line":77,"column":8},"end":{"line":77,"column":24}},"42":{"start":{"line":80,"column":4},"end":{"line":80,"column":18}},"43":{"start":{"line":83,"column":0},"end":{"line":87,"column":2}},"44":{"start":{"line":88,"column":0},"end":{"line":88,"column":36}}},"branchMap":{"1":{"line":20,"type":"binary-expr","locations":[{"start":{"line":20,"column":11},"end":{"line":20,"column":24}},{"start":{"line":20,"column":28},"end":{"line":20,"column":41}}]},"2":{"line":50,"type":"switch","locations":[{"start":{"line":52,"column":12},"end":{"line":55,"column":22}},{"start":{"line":57,"column":12},"end":{"line":64,"column":22}},{"start":{"line":66,"column":12},"end":{"line":72,"column":22}}]},"3":{"line":58,"type":"if","locations":[{"start":{"line":58,"column":16},"end":{"line":58,"column":16}},{"start":{"line":58,"column":16},"end":{"line":58,"column":16}}]},"4":{"line":67,"type":"if","locations":[{"start":{"line":67,"column":16},"end":{"line":67,"column":16}},{"start":{"line":67,"column":16},"end":{"line":67,"column":16}}]},"5":{"line":76,"type":"if","locations":[{"start":{"line":76,"column":4},"end":{"line":76,"column":4}},{"start":{"line":76,"column":4},"end":{"line":76,"column":4}}]}}},"/var/www/haiku-generator/src/analyze.js":{"path":"/var/www/haiku-generator/src/analyze.js","s":{"1":1,"2":1,"3":2,"4":2,"5":6664,"6":2,"7":1,"8":0,"9":1,"10":22,"11":22,"12":139883,"13":139883,"14":2505,"15":22,"16":1,"17":2,"18":2,"19":6663,"20":6663,"21":524,"22":2,"23":1,"24":1,"25":1,"26":1,"27":20,"28":1,"29":20,"30":1,"31":1,"32":20,"33":20,"34":0,"35":20,"36":20,"37":20,"38":20,"39":1,"40":1,"41":1},"b":{"1":[2505,137378],"2":[139883,15346],"3":[524,6139],"4":[6663,2081],"5":[1,19],"6":[1,19],"7":[0,20]},"f":{"1":2,"2":0,"3":22,"4":2,"5":1},"fnMap":{"1":{"name":"compile","line":5,"loc":{"start":{"line":5,"column":14},"end":{"line":5,"column":38}}},"2":{"name":"equals","line":13,"loc":{"start":{"line":13,"column":13},"end":{"line":13,"column":35}}},"3":{"name":"findNextWords","line":17,"loc":{"start":{"line":17,"column":20},"end":{"line":17,"column":64}}},"4":{"name":"findSecondWords","line":28,"loc":{"start":{"line":28,"column":22},"end":{"line":28,"column":61}}},"5":{"name":"build","line":39,"loc":{"start":{"line":39,"column":12},"end":{"line":39,"column":49}}}},"statementMap":{"1":{"start":{"line":3,"column":0},"end":{"line":3,"column":31}},"2":{"start":{"line":5,"column":0},"end":{"line":11,"column":2}},"3":{"start":{"line":6,"column":4},"end":{"line":6,"column":20}},"4":{"start":{"line":7,"column":4},"end":{"line":9,"column":5}},"5":{"start":{"line":8,"column":8},"end":{"line":8,"column":60}},"6":{"start":{"line":10,"column":4},"end":{"line":10,"column":18}},"7":{"start":{"line":13,"column":0},"end":{"line":15,"column":2}},"8":{"start":{"line":14,"column":4},"end":{"line":14,"column":18}},"9":{"start":{"line":17,"column":0},"end":{"line":26,"column":2}},"10":{"start":{"line":18,"column":4},"end":{"line":18,"column":20}},"11":{"start":{"line":19,"column":4},"end":{"line":24,"column":5}},"12":{"start":{"line":20,"column":8},"end":{"line":20,"column":28}},"13":{"start":{"line":21,"column":8},"end":{"line":23,"column":9}},"14":{"start":{"line":22,"column":12},"end":{"line":22,"column":33}},"15":{"start":{"line":25,"column":4},"end":{"line":25,"column":18}},"16":{"start":{"line":28,"column":0},"end":{"line":37,"column":2}},"17":{"start":{"line":29,"column":4},"end":{"line":29,"column":20}},"18":{"start":{"line":30,"column":4},"end":{"line":35,"column":5}},"19":{"start":{"line":31,"column":8},"end":{"line":31,"column":28}},"20":{"start":{"line":32,"column":8},"end":{"line":34,"column":9}},"21":{"start":{"line":33,"column":12},"end":{"line":33,"column":33}},"22":{"start":{"line":36,"column":4},"end":{"line":36,"column":18}},"23":{"start":{"line":39,"column":0},"end":{"line":73,"column":2}},"24":{"start":{"line":40,"column":4},"end":{"line":40,"column":20}},"25":{"start":{"line":41,"column":4},"end":{"line":43,"column":29}},"26":{"start":{"line":45,"column":4},"end":{"line":67,"column":5}},"27":{"start":{"line":47,"column":8},"end":{"line":49,"column":9}},"28":{"start":{"line":48,"column":12},"end":{"line":48,"column":48}},"29":{"start":{"line":51,"column":8},"end":{"line":54,"column":9}},"30":{"start":{"line":52,"column":12},"end":{"line":52,"column":64}},"31":{"start":{"line":53,"column":12},"end":{"line":53,"column":55}},"32":{"start":{"line":56,"column":8},"end":{"line":56,"column":68}},"33":{"start":{"line":58,"column":8},"end":{"line":60,"column":9}},"34":{"start":{"line":59,"column":12},"end":{"line":59,"column":18}},"35":{"start":{"line":62,"column":8},"end":{"line":62,"column":47}},"36":{"start":{"line":63,"column":8},"end":{"line":63,"column":30}},"37":{"start":{"line":65,"column":8},"end":{"line":65,"column":31}},"38":{"start":{"line":66,"column":8},"end":{"line":66,"column":30}},"39":{"start":{"line":70,"column":4},"end":{"line":70,"column":137}},"40":{"start":{"line":72,"column":4},"end":{"line":72,"column":18}},"41":{"start":{"line":75,"column":0},"end":{"line":80,"column":2}}},"branchMap":{"1":{"line":21,"type":"if","locations":[{"start":{"line":21,"column":8},"end":{"line":21,"column":8}},{"start":{"line":21,"column":8},"end":{"line":21,"column":8}}]},"2":{"line":21,"type":"binary-expr","locations":[{"start":{"line":21,"column":12},"end":{"line":21,"column":28}},{"start":{"line":21,"column":32},"end":{"line":21,"column":48}}]},"3":{"line":32,"type":"if","locations":[{"start":{"line":32,"column":8},"end":{"line":32,"column":8}},{"start":{"line":32,"column":8},"end":{"line":32,"column":8}}]},"4":{"line":32,"type":"binary-expr","locations":[{"start":{"line":32,"column":12},"end":{"line":32,"column":28}},{"start":{"line":32,"column":32},"end":{"line":32,"column":61}}]},"5":{"line":47,"type":"if","locations":[{"start":{"line":47,"column":8},"end":{"line":47,"column":8}},{"start":{"line":47,"column":8},"end":{"line":47,"column":8}}]},"6":{"line":51,"type":"if","locations":[{"start":{"line":51,"column":8},"end":{"line":51,"column":8}},{"start":{"line":51,"column":8},"end":{"line":51,"column":8}}]},"7":{"line":58,"type":"if","locations":[{"start":{"line":58,"column":8},"end":{"line":58,"column":8}},{"start":{"line":58,"column":8},"end":{"line":58,"column":8}}]}}},"/var/www/haiku-generator/src/utils.js":{"path":"/var/www/haiku-generator/src/utils.js","s":{"1":1,"2":22,"3":1,"4":22,"5":1},"b":{},"f":{"1":22,"2":22},"fnMap":{"1":{"name":"randomInt","line":3,"loc":{"start":{"line":3,"column":16},"end":{"line":3,"column":40}}},"2":{"name":"randomItem","line":6,"loc":{"start":{"line":6,"column":17},"end":{"line":6,"column":43}}}},"statementMap":{"1":{"start":{"line":3,"column":0},"end":{"line":5,"column":2}},"2":{"start":{"line":4,"column":4},"end":{"line":4,"column":43}},"3":{"start":{"line":6,"column":0},"end":{"line":8,"column":2}},"4":{"start":{"line":7,"column":4},"end":{"line":7,"column":40}},"5":{"start":{"line":10,"column":0},"end":{"line":13,"column":2}}},"branchMap":{}}}