TN:
SF:/var/www/haiku-generator/src/tokenize.js
FN:13,isWord
FN:16,isSign
FN:19,isWhitespace
FN:28,words
FN:34,wordAddChar
FN:37,wordClear
FN:40,resultAdd
FN:43,stateSet
FNF:8
FNH:8
FNDA:31220,isWord
FNDA:12350,isSign
FNDA:4716,isWhitespace
FNDA:6,words
FNDA:18870,wordAddChar
FNDA:3754,wordClear
FNDA:6675,resultAdd
FNDA:22624,stateSet
DA:7,1
DA:10,1
DA:11,1
DA:13,1
DA:14,31220
DA:16,1
DA:17,12350
DA:19,1
DA:20,4716
DA:23,1
DA:28,1
DA:30,6
DA:31,6
DA:32,6
DA:34,6
DA:35,18870
DA:37,6
DA:38,3754
DA:40,6
DA:41,6675
DA:43,6
DA:44,22624
DA:47,6
DA:48,26504
DA:50,26504
DA:53,18870
DA:54,18870
DA:55,18870
DA:58,2918
DA:59,1018
DA:60,1018
DA:61,1018
DA:63,2918
DA:64,2918
DA:67,4716
DA:68,2736
DA:69,2736
DA:70,2736
DA:72,4716
DA:76,6
DA:77,3
DA:80,6
DA:83,1
DA:88,1
LF:44
LH:44
BRDA:20,1,0,4716
BRDA:20,1,1,4716
BRDA:50,2,0,18870
BRDA:50,2,1,2918
BRDA:50,2,2,4716
BRDA:58,3,0,1018
BRDA:58,3,1,1900
BRDA:67,4,0,2736
BRDA:67,4,1,1980
BRDA:76,5,0,3
BRDA:76,5,1,3
BRF:11
BRH:11
end_of_record
TN:
SF:/var/www/haiku-generator/src/analyze.js
FN:5,compile
FN:13,equals
FN:17,findNextWords
FN:28,findSecondWords
FN:39,build
FNF:5
FNH:4
FNDA:2,compile
FNDA:0,equals
FNDA:22,findNextWords
FNDA:2,findSecondWords
FNDA:1,build
DA:3,1
DA:5,1
DA:6,2
DA:7,2
DA:8,6664
DA:10,2
DA:13,1
DA:14,0
DA:17,1
DA:18,22
DA:19,22
DA:20,139883
DA:21,139883
DA:22,2505
DA:25,22
DA:28,1
DA:29,2
DA:30,2
DA:31,6663
DA:32,6663
DA:33,524
DA:36,2
DA:39,1
DA:40,1
DA:41,1
DA:45,1
DA:47,20
DA:48,1
DA:51,20
DA:52,1
DA:53,1
DA:56,20
DA:58,20
DA:59,0
DA:62,20
DA:63,20
DA:65,20
DA:66,20
DA:70,1
DA:72,1
DA:75,1
LF:41
LH:39
BRDA:21,1,0,2505
BRDA:21,1,1,137378
BRDA:21,2,0,139883
BRDA:21,2,1,15346
BRDA:32,3,0,524
BRDA:32,3,1,6139
BRDA:32,4,0,6663
BRDA:32,4,1,2081
BRDA:47,5,0,1
BRDA:47,5,1,19
BRDA:51,6,0,1
BRDA:51,6,1,19
BRDA:58,7,0,0
BRDA:58,7,1,20
BRF:14
BRH:13
end_of_record
TN:
SF:/var/www/haiku-generator/src/utils.js
FN:3,randomInt
FN:6,randomItem
FNF:2
FNH:2
FNDA:22,randomInt
FNDA:22,randomItem
DA:3,1
DA:4,22
DA:6,1
DA:7,22
DA:10,1
LF:5
LH:5
BRF:0
BRH:0
end_of_record
