TN:
SF:/var/www/haiku-generator/src/tokenize.js
FN:10,isWord
FN:13,isSign
FN:16,isWhitespace
FN:25,wordsFSM
FN:30,wordAddChar
FN:33,wordClear
FN:36,resultAdd
FN:39,stateSet
FNF:8
FNH:8
FNDA:103,isWord
FNDA:22,isSign
FNDA:11,isWhitespace
FNDA:5,wordsFSM
FNDA:81,wordAddChar
FNDA:9,wordClear
FNDA:13,resultAdd
FNDA:90,stateSet
DA:7,1
DA:8,1
DA:10,1
DA:11,103
DA:13,1
DA:14,22
DA:16,1
DA:17,11
DA:20,1
DA:25,1
DA:26,5
DA:27,5
DA:28,5
DA:30,5
DA:31,81
DA:33,5
DA:34,9
DA:36,5
DA:37,13
DA:39,5
DA:40,90
DA:43,5
DA:44,92
DA:46,92
DA:49,81
DA:50,81
DA:51,81
DA:54,0
DA:55,0
DA:56,0
DA:57,0
DA:58,0
DA:60,0
DA:63,11
DA:64,9
DA:65,9
DA:66,9
DA:68,11
DA:72,5
DA:73,4
DA:76,5
DA:79,1
LF:42
LH:36
BRDA:17,1,0,11
BRDA:17,1,1,11
BRDA:46,2,0,81
BRDA:46,2,1,0
BRDA:46,2,2,11
BRDA:54,3,0,0
BRDA:54,3,1,0
BRDA:63,4,0,9
BRDA:63,4,1,2
BRDA:72,5,0,4
BRDA:72,5,1,1
BRF:11
BRH:8
end_of_record
TN:
SF:/var/www/haiku-generator/src/chain.js
FN:8,(anonymous_1)
FN:8,defineProperties
FN:8,(anonymous_3)
FN:12,_classCallCheck
FN:14,(anonymous_5)
FN:15,Chain
FN:25,valueOf
FN:30,factory
FNF:8
FNH:8
FNDA:1,(anonymous_1)
FNDA:2,defineProperties
FNDA:1,(anonymous_3)
FNDA:4,_classCallCheck
FNDA:1,(anonymous_5)
FNDA:4,Chain
FNDA:1,valueOf
FNDA:2,factory
DA:3,1
DA:8,2
DA:12,4
DA:14,1
DA:15,1
DA:16,4
DA:18,4
DA:19,4
DA:20,4
DA:23,1
DA:26,1
DA:31,2
DA:35,1
DA:38,1
DA:39,1
LF:15
LH:15
BRDA:8,1,0,2
BRDA:8,1,1,2
BRDA:8,2,0,2
BRDA:8,2,1,0
BRDA:8,3,0,1
BRDA:8,3,1,0
BRDA:8,4,0,1
BRDA:8,4,1,0
BRDA:12,5,0,0
BRDA:12,5,1,4
BRDA:18,6,0,4
BRDA:18,6,1,1
BRDA:19,7,0,4
BRDA:19,7,1,1
BRDA:20,8,0,4
BRDA:20,8,1,1
BRF:16
BRH:16
end_of_record
TN:
SF:/var/www/haiku-generator/src/analyze.js
FN:13,compile
FN:21,findNextWord
FN:22,(anonymous_3)
FN:26,(anonymous_4)
FN:31,equal
FN:35,nextWords2
FN:45,build
FN:63,(anonymous_8)
FNF:8
FNH:5
FNDA:1,compile
FNDA:14,findNextWord
FNDA:42,(anonymous_3)
FNDA:0,(anonymous_4)
FNDA:0,equal
FNDA:0,nextWords2
FNDA:1,build
FNDA:36,(anonymous_8)
DA:11,1
DA:13,1
DA:14,1
DA:15,1
DA:16,3
DA:18,1
DA:21,1
DA:22,14
DA:23,42
DA:27,0
DA:31,1
DA:32,0
DA:35,1
DA:36,0
DA:37,0
DA:38,0
DA:39,0
DA:42,0
DA:45,1
DA:46,1
DA:52,1
DA:56,1
DA:58,12
DA:59,1
DA:62,12
DA:63,12
DA:64,36
DA:66,12
DA:67,12
DA:70,12
DA:72,12
DA:73,12
DA:75,12
DA:76,12
DA:80,1
DA:82,1
DA:83,1
DA:86,1
LF:38
LH:31
BRDA:23,1,0,42
BRDA:23,1,1,0
BRDA:38,2,0,0
BRDA:38,2,1,0
BRDA:38,3,0,0
BRDA:38,3,1,0
BRDA:58,4,0,1
BRDA:58,4,1,11
BRDA:62,5,0,12
BRDA:62,5,1,0
BRF:10
BRH:4
end_of_record
TN:
SF:/var/www/haiku-generator/src/utils.js
FN:3,randomInt
FN:6,randomItem
FNF:2
FNH:2
FNDA:13,randomInt
FNDA:13,randomItem
DA:3,1
DA:4,13
DA:6,1
DA:7,13
DA:10,1
LF:5
LH:5
BRF:0
BRH:0
end_of_record
